2024-08-30 00:01:13,821 - model.pytorch.dcrnn_supervisor - INFO - Log directory: data/model\dcrnn_DR_1_h_28_16_lr_0.0008_bs_128_0830000113_1_0/
2024-08-30 00:01:24,700 - model.pytorch.dcrnn_supervisor - INFO - Model created
2024-08-30 00:01:26,252 - model.pytorch.dcrnn_supervisor - INFO - Start training ...
2024-08-30 00:01:26,252 - model.pytorch.dcrnn_supervisor - INFO - num_batches:14
2024-08-30 00:01:27,618 - model.pytorch.dcrnn_supervisor - INFO - Total trainable parameters 321656
2024-08-30 00:01:36,781 - model.pytorch.dcrnn_supervisor - INFO - epoch complete
2024-08-30 00:01:36,782 - model.pytorch.dcrnn_supervisor - INFO - evaluating now!
2024-08-30 00:01:38,723 - model.pytorch.dcrnn_supervisor - INFO - Epoch [0/10.0] (14) train_mae: 545243.1585, train_kld: 0.0070, val_mae: 275783.5312, lr: 0.000800, 12.5s
2024-08-30 00:01:40,662 - model.pytorch.dcrnn_supervisor - INFO - Epoch [0/10.0] (14) test_mae: 169094.6719, test_rmse: 1033762.2500, lr: 0.000800, 12.5s
2024-08-30 00:01:40,662 - model.pytorch.dcrnn_supervisor - INFO - Val loss decrease from inf to 275783.5312.
2024-08-30 00:01:49,757 - model.pytorch.dcrnn_supervisor - INFO - epoch complete
2024-08-30 00:01:49,758 - model.pytorch.dcrnn_supervisor - INFO - evaluating now!
2024-08-30 00:01:52,063 - model.pytorch.dcrnn_supervisor - INFO - Epoch [1/10.0] (28) train_mae: 543526.6897, train_kld: 0.0014, val_mae: 275781.4375, lr: 0.000800, 11.4s
2024-08-30 00:01:53,871 - model.pytorch.dcrnn_supervisor - INFO - Epoch [1/10.0] (28) test_mae: 169092.8906, test_rmse: 1033761.9375, lr: 0.000800, 11.4s
2024-08-30 00:01:53,871 - model.pytorch.dcrnn_supervisor - INFO - Val loss decrease from 275783.5312 to 275781.4375.
2024-08-30 00:02:02,311 - model.pytorch.dcrnn_supervisor - INFO - epoch complete
2024-08-30 00:02:02,312 - model.pytorch.dcrnn_supervisor - INFO - evaluating now!
2024-08-30 00:02:04,274 - model.pytorch.dcrnn_supervisor - INFO - Epoch [2/10.0] (42) train_mae: 535386.0357, train_kld: 0.0012, val_mae: 275776.3125, lr: 0.000800, 10.4s
2024-08-30 00:02:05,944 - model.pytorch.dcrnn_supervisor - INFO - Epoch [2/10.0] (42) test_mae: 169089.0781, test_rmse: 1033761.0625, lr: 0.000800, 10.4s
2024-08-30 00:02:05,944 - model.pytorch.dcrnn_supervisor - INFO - Val loss decrease from 275781.4375 to 275776.3125.
2024-08-30 00:02:14,498 - model.pytorch.dcrnn_supervisor - INFO - epoch complete
2024-08-30 00:02:14,498 - model.pytorch.dcrnn_supervisor - INFO - evaluating now!
2024-08-30 00:02:16,168 - model.pytorch.dcrnn_supervisor - INFO - Epoch [3/10.0] (56) train_mae: 541220.2679, train_kld: 0.0010, val_mae: 275764.9688, lr: 0.000800, 10.2s
2024-08-30 00:02:18,060 - model.pytorch.dcrnn_supervisor - INFO - Epoch [3/10.0] (56) test_mae: 169081.5469, test_rmse: 1033758.8750, lr: 0.000800, 10.2s
2024-08-30 00:02:18,060 - model.pytorch.dcrnn_supervisor - INFO - Val loss decrease from 275776.3125 to 275764.9688.
2024-08-30 00:02:26,506 - model.pytorch.dcrnn_supervisor - INFO - epoch complete
2024-08-30 00:02:26,506 - model.pytorch.dcrnn_supervisor - INFO - evaluating now!
2024-08-30 00:02:28,119 - model.pytorch.dcrnn_supervisor - INFO - Epoch [4/10.0] (70) train_mae: 539706.1451, train_kld: 0.0008, val_mae: 275742.2500, lr: 0.000800, 10.0s
2024-08-30 00:02:29,871 - model.pytorch.dcrnn_supervisor - INFO - Epoch [4/10.0] (70) test_mae: 169069.0312, test_rmse: 1033754.3125, lr: 0.000800, 10.0s
2024-08-30 00:02:29,872 - model.pytorch.dcrnn_supervisor - INFO - Val loss decrease from 275764.9688 to 275742.2500.
2024-08-30 00:02:38,349 - model.pytorch.dcrnn_supervisor - INFO - epoch complete
2024-08-30 00:02:38,350 - model.pytorch.dcrnn_supervisor - INFO - evaluating now!
2024-08-30 00:02:39,946 - model.pytorch.dcrnn_supervisor - INFO - Epoch [5/10.0] (84) train_mae: 540544.0826, train_kld: 0.0004, val_mae: 275699.7500, lr: 0.000800, 10.1s
2024-08-30 00:02:41,627 - model.pytorch.dcrnn_supervisor - INFO - Epoch [5/10.0] (84) test_mae: 169051.5312, test_rmse: 1033743.9375, lr: 0.000800, 10.1s
2024-08-30 00:02:41,627 - model.pytorch.dcrnn_supervisor - INFO - Val loss decrease from 275742.2500 to 275699.7500.
2024-08-30 00:02:50,826 - model.pytorch.dcrnn_supervisor - INFO - epoch complete
2024-08-30 00:02:50,827 - model.pytorch.dcrnn_supervisor - INFO - evaluating now!
2024-08-30 00:02:52,593 - model.pytorch.dcrnn_supervisor - INFO - Epoch [6/10.0] (98) train_mae: 540822.6161, train_kld: 0.0003, val_mae: 275626.9062, lr: 0.000800, 11.0s
2024-08-30 00:02:54,291 - model.pytorch.dcrnn_supervisor - INFO - Epoch [6/10.0] (98) test_mae: 169032.0156, test_rmse: 1033721.1250, lr: 0.000800, 11.0s
2024-08-30 00:02:54,292 - model.pytorch.dcrnn_supervisor - INFO - Val loss decrease from 275699.7500 to 275626.9062.
2024-08-30 00:03:02,369 - model.pytorch.dcrnn_supervisor - INFO - epoch complete
2024-08-30 00:03:02,370 - model.pytorch.dcrnn_supervisor - INFO - evaluating now!
2024-08-30 00:03:04,022 - model.pytorch.dcrnn_supervisor - INFO - Epoch [7/10.0] (112) train_mae: 544042.1094, train_kld: 0.0004, val_mae: 275504.1875, lr: 0.000800, 9.7s
2024-08-30 00:03:05,807 - model.pytorch.dcrnn_supervisor - INFO - Epoch [7/10.0] (112) test_mae: 169020.9531, test_rmse: 1033671.9375, lr: 0.000800, 9.7s
2024-08-30 00:03:05,807 - model.pytorch.dcrnn_supervisor - INFO - Val loss decrease from 275626.9062 to 275504.1875.
2024-08-30 00:03:15,682 - model.pytorch.dcrnn_supervisor - INFO - epoch complete
2024-08-30 00:03:15,682 - model.pytorch.dcrnn_supervisor - INFO - evaluating now!
2024-08-30 00:03:17,436 - model.pytorch.dcrnn_supervisor - INFO - Epoch [8/10.0] (126) train_mae: 542686.0357, train_kld: 0.0005, val_mae: 275351.0938, lr: 0.000800, 11.6s
2024-08-30 00:03:19,235 - model.pytorch.dcrnn_supervisor - INFO - Epoch [8/10.0] (126) test_mae: 169083.5312, test_rmse: 1033570.6250, lr: 0.000800, 11.6s
2024-08-30 00:03:19,236 - model.pytorch.dcrnn_supervisor - INFO - Val loss decrease from 275504.1875 to 275351.0938.
2024-08-30 00:03:26,919 - model.pytorch.dcrnn_supervisor - INFO - epoch complete
2024-08-30 00:03:26,920 - model.pytorch.dcrnn_supervisor - INFO - evaluating now!
2024-08-30 00:03:28,623 - model.pytorch.dcrnn_supervisor - INFO - Epoch [9/10.0] (140) train_mae: 540400.1786, train_kld: 0.0005, val_mae: 275353.1562, lr: 0.000800, 9.4s
2024-08-30 00:03:30,490 - model.pytorch.dcrnn_supervisor - INFO - Epoch [9/10.0] (140) test_mae: 169529.6719, test_rmse: 1033379.7500, lr: 0.000800, 9.4s
2024-08-30 00:05:08,913 - model.pytorch.dcrnn_supervisor - INFO - Start training ...
2024-08-30 00:05:08,914 - model.pytorch.dcrnn_supervisor - INFO - num_batches:18
2024-08-30 00:05:09,190 - model.pytorch.dcrnn_supervisor - INFO - Total trainable parameters 321656
2024-08-30 00:05:19,756 - model.pytorch.dcrnn_supervisor - INFO - epoch complete
2024-08-30 00:05:19,757 - model.pytorch.dcrnn_supervisor - INFO - evaluating now!
2024-08-30 00:05:22,039 - model.pytorch.dcrnn_supervisor - INFO - Epoch [0/10.0] (18) train_mae: 501708.0625, train_kld: 0.0003, val_mae: 276295.3750, lr: 0.000800, 13.1s
2024-08-30 00:05:24,133 - model.pytorch.dcrnn_supervisor - INFO - Epoch [0/10.0] (18) test_mae: 171579.0781, test_rmse: 1032969.9375, lr: 0.000800, 13.1s
2024-08-30 00:05:24,134 - model.pytorch.dcrnn_supervisor - INFO - Val loss decrease from inf to 276295.3750.
2024-08-30 00:05:35,639 - model.pytorch.dcrnn_supervisor - INFO - epoch complete
2024-08-30 00:05:35,639 - model.pytorch.dcrnn_supervisor - INFO - evaluating now!
2024-08-30 00:05:37,470 - model.pytorch.dcrnn_supervisor - INFO - Epoch [1/10.0] (36) train_mae: 495693.7483, train_kld: 0.0003, val_mae: 278310.7188, lr: 0.000800, 13.3s
2024-08-30 00:05:39,617 - model.pytorch.dcrnn_supervisor - INFO - Epoch [1/10.0] (36) test_mae: 175239.8750, test_rmse: 1032126.5625, lr: 0.000800, 13.3s
2024-08-30 00:05:50,640 - model.pytorch.dcrnn_supervisor - INFO - epoch complete
2024-08-30 00:05:50,640 - model.pytorch.dcrnn_supervisor - INFO - evaluating now!
2024-08-30 00:05:52,515 - model.pytorch.dcrnn_supervisor - INFO - Epoch [2/10.0] (54) train_mae: 494802.3646, train_kld: 0.0003, val_mae: 279446.4062, lr: 0.000800, 12.9s
2024-08-30 00:05:54,479 - model.pytorch.dcrnn_supervisor - INFO - Epoch [2/10.0] (54) test_mae: 178800.5000, test_rmse: 1028402.9375, lr: 0.000800, 12.9s
2024-08-30 00:06:04,955 - model.pytorch.dcrnn_supervisor - INFO - epoch complete
2024-08-30 00:06:04,956 - model.pytorch.dcrnn_supervisor - INFO - evaluating now!
2024-08-30 00:06:07,062 - model.pytorch.dcrnn_supervisor - INFO - Epoch [3/10.0] (72) train_mae: 483837.8646, train_kld: 0.0003, val_mae: 281309.8125, lr: 0.000800, 12.6s
2024-08-30 00:06:09,113 - model.pytorch.dcrnn_supervisor - INFO - Epoch [3/10.0] (72) test_mae: 186443.8906, test_rmse: 1013932.1250, lr: 0.000800, 12.6s
2024-08-30 00:06:21,008 - model.pytorch.dcrnn_supervisor - INFO - epoch complete
2024-08-30 00:06:21,009 - model.pytorch.dcrnn_supervisor - INFO - evaluating now!
2024-08-30 00:06:22,899 - model.pytorch.dcrnn_supervisor - INFO - Epoch [4/10.0] (90) train_mae: 470742.7222, train_kld: 0.0005, val_mae: 288560.1250, lr: 0.000800, 13.8s
2024-08-30 00:06:24,766 - model.pytorch.dcrnn_supervisor - INFO - Epoch [4/10.0] (90) test_mae: 211231.7656, test_rmse: 984827.8125, lr: 0.000800, 13.8s
2024-08-30 00:06:35,171 - model.pytorch.dcrnn_supervisor - INFO - epoch complete
2024-08-30 00:06:35,171 - model.pytorch.dcrnn_supervisor - INFO - evaluating now!
2024-08-30 00:06:37,483 - model.pytorch.dcrnn_supervisor - INFO - Epoch [5/10.0] (108) train_mae: 424725.6198, train_kld: 0.0003, val_mae: 356768.4688, lr: 0.000800, 12.7s
2024-08-30 00:06:39,872 - model.pytorch.dcrnn_supervisor - INFO - Epoch [5/10.0] (108) test_mae: 326111.5000, test_rmse: 1264120.0000, lr: 0.000800, 12.7s
2024-08-30 00:06:51,569 - model.pytorch.dcrnn_supervisor - INFO - epoch complete
2024-08-30 00:06:51,570 - model.pytorch.dcrnn_supervisor - INFO - evaluating now!
2024-08-30 00:06:53,467 - model.pytorch.dcrnn_supervisor - INFO - Epoch [6/10.0] (126) train_mae: 375769.7882, train_kld: 0.0003, val_mae: 385069.2188, lr: 0.000800, 13.6s
2024-08-30 00:06:55,496 - model.pytorch.dcrnn_supervisor - INFO - Epoch [6/10.0] (126) test_mae: 394470.9375, test_rmse: 1265820.1250, lr: 0.000800, 13.6s
2024-08-30 00:07:06,594 - model.pytorch.dcrnn_supervisor - INFO - epoch complete
2024-08-30 00:07:06,595 - model.pytorch.dcrnn_supervisor - INFO - evaluating now!
2024-08-30 00:07:08,565 - model.pytorch.dcrnn_supervisor - INFO - Epoch [7/10.0] (144) train_mae: 329956.0764, train_kld: 0.0003, val_mae: 414923.7812, lr: 0.000800, 13.1s
2024-08-30 00:07:10,594 - model.pytorch.dcrnn_supervisor - INFO - Epoch [7/10.0] (144) test_mae: 439488.1875, test_rmse: 1460333.2500, lr: 0.000800, 13.1s
2024-08-30 00:07:21,549 - model.pytorch.dcrnn_supervisor - INFO - epoch complete
2024-08-30 00:07:21,549 - model.pytorch.dcrnn_supervisor - INFO - evaluating now!
2024-08-30 00:07:24,108 - model.pytorch.dcrnn_supervisor - INFO - Epoch [8/10.0] (162) train_mae: 322852.0747, train_kld: 0.0004, val_mae: 436756.2500, lr: 0.000800, 13.5s
2024-08-30 00:07:26,682 - model.pytorch.dcrnn_supervisor - INFO - Epoch [8/10.0] (162) test_mae: 470763.3750, test_rmse: 1585096.0000, lr: 0.000800, 13.5s
2024-08-30 00:07:38,694 - model.pytorch.dcrnn_supervisor - INFO - epoch complete
2024-08-30 00:07:38,694 - model.pytorch.dcrnn_supervisor - INFO - evaluating now!
2024-08-30 00:07:40,715 - model.pytorch.dcrnn_supervisor - INFO - Epoch [9/10.0] (180) train_mae: 321714.7899, train_kld: 0.0004, val_mae: 421325.9375, lr: 0.000800, 14.0s
2024-08-30 00:07:43,037 - model.pytorch.dcrnn_supervisor - INFO - Epoch [9/10.0] (180) test_mae: 448977.0625, test_rmse: 1503969.5000, lr: 0.000800, 14.0s
2024-08-30 00:09:19,941 - model.pytorch.dcrnn_supervisor - INFO - Start training ...
2024-08-30 00:09:19,942 - model.pytorch.dcrnn_supervisor - INFO - num_batches:21
2024-08-30 00:09:20,199 - model.pytorch.dcrnn_supervisor - INFO - Total trainable parameters 321656
2024-08-30 00:09:32,820 - model.pytorch.dcrnn_supervisor - INFO - epoch complete
2024-08-30 00:09:32,821 - model.pytorch.dcrnn_supervisor - INFO - evaluating now!
2024-08-30 00:09:34,751 - model.pytorch.dcrnn_supervisor - INFO - Epoch [0/10.0] (21) train_mae: 347661.9301, train_kld: 0.0073, val_mae: 348768.3750, lr: 0.000800, 14.8s
2024-08-30 00:09:36,849 - model.pytorch.dcrnn_supervisor - INFO - Epoch [0/10.0] (21) test_mae: 342339.0625, test_rmse: 1140040.1250, lr: 0.000800, 14.8s
2024-08-30 00:09:36,849 - model.pytorch.dcrnn_supervisor - INFO - Val loss decrease from inf to 348768.3750.
2024-08-30 00:09:48,979 - model.pytorch.dcrnn_supervisor - INFO - epoch complete
2024-08-30 00:09:48,979 - model.pytorch.dcrnn_supervisor - INFO - evaluating now!
2024-08-30 00:09:50,754 - model.pytorch.dcrnn_supervisor - INFO - Epoch [1/10.0] (42) train_mae: 344425.2098, train_kld: 0.0067, val_mae: 361148.5000, lr: 0.000800, 13.9s
2024-08-30 00:09:52,728 - model.pytorch.dcrnn_supervisor - INFO - Epoch [1/10.0] (42) test_mae: 361954.8750, test_rmse: 1218190.1250, lr: 0.000800, 13.9s
2024-08-30 00:10:04,444 - model.pytorch.dcrnn_supervisor - INFO - epoch complete
2024-08-30 00:10:04,444 - model.pytorch.dcrnn_supervisor - INFO - evaluating now!
2024-08-30 00:10:06,215 - model.pytorch.dcrnn_supervisor - INFO - Epoch [2/10.0] (63) train_mae: 349122.6235, train_kld: 0.0076, val_mae: 325987.6250, lr: 0.000800, 13.5s
2024-08-30 00:10:08,116 - model.pytorch.dcrnn_supervisor - INFO - Epoch [2/10.0] (63) test_mae: 305372.3125, test_rmse: 1195333.3750, lr: 0.000800, 13.5s
2024-08-30 00:10:08,116 - model.pytorch.dcrnn_supervisor - INFO - Val loss decrease from 348768.3750 to 325987.6250.
2024-08-30 00:10:22,270 - model.pytorch.dcrnn_supervisor - INFO - epoch complete
2024-08-30 00:10:22,270 - model.pytorch.dcrnn_supervisor - INFO - evaluating now!
2024-08-30 00:10:25,089 - model.pytorch.dcrnn_supervisor - INFO - Epoch [3/10.0] (84) train_mae: 231125.0149, train_kld: 0.0138, val_mae: 190054.7500, lr: 0.000800, 17.0s
2024-08-30 00:10:27,109 - model.pytorch.dcrnn_supervisor - INFO - Epoch [3/10.0] (84) test_mae: 155919.0469, test_rmse: 895063.7500, lr: 0.000800, 17.0s
2024-08-30 00:10:27,109 - model.pytorch.dcrnn_supervisor - INFO - Val loss decrease from 325987.6250 to 190054.7500.
2024-08-30 00:10:40,474 - model.pytorch.dcrnn_supervisor - INFO - epoch complete
2024-08-30 00:10:40,475 - model.pytorch.dcrnn_supervisor - INFO - evaluating now!
2024-08-30 00:10:42,479 - model.pytorch.dcrnn_supervisor - INFO - Epoch [4/10.0] (105) train_mae: 194974.9330, train_kld: 0.0201, val_mae: 209604.2344, lr: 0.000800, 15.4s
2024-08-30 00:10:44,599 - model.pytorch.dcrnn_supervisor - INFO - Epoch [4/10.0] (105) test_mae: 173695.5469, test_rmse: 973267.5000, lr: 0.000800, 15.4s
2024-08-30 00:10:56,816 - model.pytorch.dcrnn_supervisor - INFO - epoch complete
2024-08-30 00:10:56,816 - model.pytorch.dcrnn_supervisor - INFO - evaluating now!
2024-08-30 00:10:58,741 - model.pytorch.dcrnn_supervisor - INFO - Epoch [5/10.0] (126) train_mae: 187134.6808, train_kld: 0.0252, val_mae: 170326.3438, lr: 0.000800, 14.1s
2024-08-30 00:11:00,789 - model.pytorch.dcrnn_supervisor - INFO - Epoch [5/10.0] (126) test_mae: 132544.7969, test_rmse: 776137.0625, lr: 0.000800, 14.1s
2024-08-30 00:11:00,790 - model.pytorch.dcrnn_supervisor - INFO - Val loss decrease from 190054.7500 to 170326.3438.
2024-08-30 00:11:12,998 - model.pytorch.dcrnn_supervisor - INFO - epoch complete
2024-08-30 00:11:12,998 - model.pytorch.dcrnn_supervisor - INFO - evaluating now!
2024-08-30 00:11:14,845 - model.pytorch.dcrnn_supervisor - INFO - Epoch [6/10.0] (147) train_mae: 177562.6429, train_kld: 0.0187, val_mae: 167182.0625, lr: 0.000800, 14.0s
2024-08-30 00:11:16,824 - model.pytorch.dcrnn_supervisor - INFO - Epoch [6/10.0] (147) test_mae: 123836.0859, test_rmse: 750105.2500, lr: 0.000800, 14.0s
2024-08-30 00:11:16,824 - model.pytorch.dcrnn_supervisor - INFO - Val loss decrease from 170326.3438 to 167182.0625.
2024-08-30 00:11:29,105 - model.pytorch.dcrnn_supervisor - INFO - epoch complete
2024-08-30 00:11:29,105 - model.pytorch.dcrnn_supervisor - INFO - evaluating now!
2024-08-30 00:11:30,941 - model.pytorch.dcrnn_supervisor - INFO - Epoch [7/10.0] (168) train_mae: 174536.1369, train_kld: 0.0311, val_mae: 162848.3438, lr: 0.000800, 14.1s
2024-08-30 00:11:33,359 - model.pytorch.dcrnn_supervisor - INFO - Epoch [7/10.0] (168) test_mae: 119532.2344, test_rmse: 710931.5625, lr: 0.000800, 14.1s
2024-08-30 00:11:33,360 - model.pytorch.dcrnn_supervisor - INFO - Val loss decrease from 167182.0625 to 162848.3438.
2024-08-30 00:11:51,410 - model.pytorch.dcrnn_supervisor - INFO - epoch complete
2024-08-30 00:11:51,410 - model.pytorch.dcrnn_supervisor - INFO - evaluating now!
2024-08-30 00:11:53,924 - model.pytorch.dcrnn_supervisor - INFO - Epoch [8/10.0] (189) train_mae: 170571.2519, train_kld: 0.0186, val_mae: 169587.6875, lr: 0.000800, 20.5s
2024-08-30 00:11:56,350 - model.pytorch.dcrnn_supervisor - INFO - Epoch [8/10.0] (189) test_mae: 130182.6797, test_rmse: 758945.5000, lr: 0.000800, 20.5s
2024-08-30 00:12:08,590 - model.pytorch.dcrnn_supervisor - INFO - epoch complete
2024-08-30 00:12:08,590 - model.pytorch.dcrnn_supervisor - INFO - evaluating now!
2024-08-30 00:12:10,479 - model.pytorch.dcrnn_supervisor - INFO - Epoch [9/10.0] (210) train_mae: 167543.5350, train_kld: 0.0186, val_mae: 152154.0469, lr: 0.000800, 14.1s
2024-08-30 00:12:12,682 - model.pytorch.dcrnn_supervisor - INFO - Epoch [9/10.0] (210) test_mae: 99857.4531, test_rmse: 584666.6250, lr: 0.000800, 14.1s
2024-08-30 00:12:12,682 - model.pytorch.dcrnn_supervisor - INFO - Val loss decrease from 162848.3438 to 152154.0469.
2024-08-30 00:13:47,891 - model.pytorch.dcrnn_supervisor - INFO - Start training ...
2024-08-30 00:13:47,891 - model.pytorch.dcrnn_supervisor - INFO - num_batches:25
2024-08-30 00:13:48,183 - model.pytorch.dcrnn_supervisor - INFO - Total trainable parameters 321656
2024-08-30 00:14:02,657 - model.pytorch.dcrnn_supervisor - INFO - epoch complete
2024-08-30 00:14:02,658 - model.pytorch.dcrnn_supervisor - INFO - evaluating now!
2024-08-30 00:14:04,640 - model.pytorch.dcrnn_supervisor - INFO - Epoch [0/10.0] (25) train_mae: 146051.1363, train_kld: 0.0359, val_mae: 147344.4844, lr: 0.000800, 16.7s
2024-08-30 00:14:06,774 - model.pytorch.dcrnn_supervisor - INFO - Epoch [0/10.0] (25) test_mae: 97246.1250, test_rmse: 557936.8125, lr: 0.000800, 16.7s
2024-08-30 00:14:06,774 - model.pytorch.dcrnn_supervisor - INFO - Val loss decrease from inf to 147344.4844.
2024-08-30 00:14:23,874 - model.pytorch.dcrnn_supervisor - INFO - epoch complete
2024-08-30 00:14:23,874 - model.pytorch.dcrnn_supervisor - INFO - evaluating now!
2024-08-30 00:14:25,818 - model.pytorch.dcrnn_supervisor - INFO - Epoch [1/10.0] (50) train_mae: 138990.1722, train_kld: 0.0389, val_mae: 119202.6328, lr: 0.000800, 19.0s
2024-08-30 00:14:28,026 - model.pytorch.dcrnn_supervisor - INFO - Epoch [1/10.0] (50) test_mae: 82248.4453, test_rmse: 448545.8750, lr: 0.000800, 19.0s
2024-08-30 00:14:28,027 - model.pytorch.dcrnn_supervisor - INFO - Val loss decrease from 147344.4844 to 119202.6328.
2024-08-30 00:14:43,020 - model.pytorch.dcrnn_supervisor - INFO - epoch complete
2024-08-30 00:14:43,020 - model.pytorch.dcrnn_supervisor - INFO - evaluating now!
2024-08-30 00:14:45,052 - model.pytorch.dcrnn_supervisor - INFO - Epoch [2/10.0] (75) train_mae: 134621.6500, train_kld: 0.0310, val_mae: 132166.8125, lr: 0.000800, 17.0s
2024-08-30 00:14:47,159 - model.pytorch.dcrnn_supervisor - INFO - Epoch [2/10.0] (75) test_mae: 85262.3672, test_rmse: 476216.7812, lr: 0.000800, 17.0s
2024-08-30 00:15:02,240 - model.pytorch.dcrnn_supervisor - INFO - epoch complete
2024-08-30 00:15:02,240 - model.pytorch.dcrnn_supervisor - INFO - evaluating now!
2024-08-30 00:15:04,183 - model.pytorch.dcrnn_supervisor - INFO - Epoch [3/10.0] (100) train_mae: 133768.9587, train_kld: 0.0318, val_mae: 127898.4766, lr: 0.000800, 17.0s
2024-08-30 00:15:06,288 - model.pytorch.dcrnn_supervisor - INFO - Epoch [3/10.0] (100) test_mae: 81548.9375, test_rmse: 445579.8125, lr: 0.000800, 17.0s
2024-08-30 00:15:23,838 - model.pytorch.dcrnn_supervisor - INFO - epoch complete
2024-08-30 00:15:23,839 - model.pytorch.dcrnn_supervisor - INFO - evaluating now!
2024-08-30 00:15:26,107 - model.pytorch.dcrnn_supervisor - INFO - Epoch [4/10.0] (125) train_mae: 127495.0697, train_kld: 0.0346, val_mae: 112757.1797, lr: 0.000800, 19.8s
2024-08-30 00:15:28,422 - model.pytorch.dcrnn_supervisor - INFO - Epoch [4/10.0] (125) test_mae: 76266.8672, test_rmse: 401516.9375, lr: 0.000800, 19.8s
2024-08-30 00:15:28,422 - model.pytorch.dcrnn_supervisor - INFO - Val loss decrease from 119202.6328 to 112757.1797.
2024-08-30 00:15:45,587 - model.pytorch.dcrnn_supervisor - INFO - epoch complete
2024-08-30 00:15:45,587 - model.pytorch.dcrnn_supervisor - INFO - evaluating now!
2024-08-30 00:15:47,427 - model.pytorch.dcrnn_supervisor - INFO - Epoch [5/10.0] (150) train_mae: 124664.4428, train_kld: 0.0237, val_mae: 108775.1719, lr: 0.000800, 19.0s
2024-08-30 00:15:50,058 - model.pytorch.dcrnn_supervisor - INFO - Epoch [5/10.0] (150) test_mae: 76058.8672, test_rmse: 412695.3125, lr: 0.000800, 19.0s
2024-08-30 00:15:50,058 - model.pytorch.dcrnn_supervisor - INFO - Val loss decrease from 112757.1797 to 108775.1719.
2024-08-30 00:16:10,145 - model.pytorch.dcrnn_supervisor - INFO - epoch complete
2024-08-30 00:16:10,145 - model.pytorch.dcrnn_supervisor - INFO - evaluating now!
2024-08-30 00:16:12,042 - model.pytorch.dcrnn_supervisor - INFO - Epoch [6/10.0] (175) train_mae: 124261.3750, train_kld: 0.0315, val_mae: 119660.1094, lr: 0.000800, 21.9s
2024-08-30 00:16:14,983 - model.pytorch.dcrnn_supervisor - INFO - Epoch [6/10.0] (175) test_mae: 90915.6484, test_rmse: 541029.6875, lr: 0.000800, 21.9s
2024-08-30 00:16:30,719 - model.pytorch.dcrnn_supervisor - INFO - epoch complete
2024-08-30 00:16:30,719 - model.pytorch.dcrnn_supervisor - INFO - evaluating now!
2024-08-30 00:16:32,873 - model.pytorch.dcrnn_supervisor - INFO - Epoch [7/10.0] (200) train_mae: 114864.9931, train_kld: 0.0208, val_mae: 104087.8203, lr: 0.000800, 17.9s
2024-08-30 00:16:35,140 - model.pytorch.dcrnn_supervisor - INFO - Epoch [7/10.0] (200) test_mae: 67214.0625, test_rmse: 344211.1875, lr: 0.000800, 17.9s
2024-08-30 00:16:35,140 - model.pytorch.dcrnn_supervisor - INFO - Val loss decrease from 108775.1719 to 104087.8203.
2024-08-30 00:16:49,673 - model.pytorch.dcrnn_supervisor - INFO - epoch complete
2024-08-30 00:16:49,674 - model.pytorch.dcrnn_supervisor - INFO - evaluating now!
2024-08-30 00:16:51,649 - model.pytorch.dcrnn_supervisor - INFO - Epoch [8/10.0] (225) train_mae: 119460.3872, train_kld: 0.0303, val_mae: 101860.0078, lr: 0.000800, 16.5s
2024-08-30 00:16:53,858 - model.pytorch.dcrnn_supervisor - INFO - Epoch [8/10.0] (225) test_mae: 65203.5352, test_rmse: 344642.2812, lr: 0.000800, 16.5s
2024-08-30 00:16:53,858 - model.pytorch.dcrnn_supervisor - INFO - Val loss decrease from 104087.8203 to 101860.0078.
2024-08-30 00:17:12,297 - model.pytorch.dcrnn_supervisor - INFO - epoch complete
2024-08-30 00:17:12,298 - model.pytorch.dcrnn_supervisor - INFO - evaluating now!
2024-08-30 00:17:14,757 - model.pytorch.dcrnn_supervisor - INFO - Epoch [9/10.0] (250) train_mae: 102411.5284, train_kld: 0.0274, val_mae: 83211.6172, lr: 0.000800, 20.9s
2024-08-30 00:17:17,253 - model.pytorch.dcrnn_supervisor - INFO - Epoch [9/10.0] (250) test_mae: 53931.7461, test_rmse: 260593.5000, lr: 0.000800, 20.9s
2024-08-30 00:17:17,253 - model.pytorch.dcrnn_supervisor - INFO - Val loss decrease from 101860.0078 to 83211.6172.
2024-08-30 00:18:53,124 - model.pytorch.dcrnn_supervisor - INFO - Start training ...
2024-08-30 00:18:53,124 - model.pytorch.dcrnn_supervisor - INFO - num_batches:28
2024-08-30 00:18:53,423 - model.pytorch.dcrnn_supervisor - INFO - Total trainable parameters 321656
2024-08-30 00:19:15,296 - model.pytorch.dcrnn_supervisor - INFO - epoch complete
2024-08-30 00:19:15,296 - model.pytorch.dcrnn_supervisor - INFO - evaluating now!
2024-08-30 00:19:17,500 - model.pytorch.dcrnn_supervisor - INFO - Epoch [0/10.0] (28) train_mae: 140842.2712, train_kld: 0.0331, val_mae: 139036.4844, lr: 0.000800, 24.4s
2024-08-30 00:19:19,881 - model.pytorch.dcrnn_supervisor - INFO - Epoch [0/10.0] (28) test_mae: 107049.8906, test_rmse: 561627.1250, lr: 0.000800, 24.4s
2024-08-30 00:19:19,881 - model.pytorch.dcrnn_supervisor - INFO - Val loss decrease from inf to 139036.4844.
2024-08-30 00:19:39,090 - model.pytorch.dcrnn_supervisor - INFO - epoch complete
2024-08-30 00:19:39,090 - model.pytorch.dcrnn_supervisor - INFO - evaluating now!
2024-08-30 00:19:41,261 - model.pytorch.dcrnn_supervisor - INFO - Epoch [1/10.0] (56) train_mae: 97233.6568, train_kld: 0.0278, val_mae: 72592.8828, lr: 0.000800, 21.4s
2024-08-30 00:19:44,231 - model.pytorch.dcrnn_supervisor - INFO - Epoch [1/10.0] (56) test_mae: 49794.1211, test_rmse: 232913.1406, lr: 0.000800, 21.4s
2024-08-30 00:19:44,232 - model.pytorch.dcrnn_supervisor - INFO - Val loss decrease from 139036.4844 to 72592.8828.
2024-08-30 00:20:03,816 - model.pytorch.dcrnn_supervisor - INFO - epoch complete
2024-08-30 00:20:03,816 - model.pytorch.dcrnn_supervisor - INFO - evaluating now!
2024-08-30 00:20:06,258 - model.pytorch.dcrnn_supervisor - INFO - Epoch [2/10.0] (84) train_mae: 84296.5153, train_kld: 0.0228, val_mae: 74153.7109, lr: 0.000800, 22.0s
2024-08-30 00:20:08,595 - model.pytorch.dcrnn_supervisor - INFO - Epoch [2/10.0] (84) test_mae: 49881.9961, test_rmse: 231620.8438, lr: 0.000800, 22.0s
2024-08-30 00:20:26,291 - model.pytorch.dcrnn_supervisor - INFO - epoch complete
2024-08-30 00:20:26,292 - model.pytorch.dcrnn_supervisor - INFO - evaluating now!
2024-08-30 00:20:28,488 - model.pytorch.dcrnn_supervisor - INFO - Epoch [3/10.0] (112) train_mae: 79554.6759, train_kld: 0.0402, val_mae: 54981.7969, lr: 0.000800, 19.9s
2024-08-30 00:20:30,685 - model.pytorch.dcrnn_supervisor - INFO - Epoch [3/10.0] (112) test_mae: 37810.4258, test_rmse: 161870.7031, lr: 0.000800, 19.9s
2024-08-30 00:20:30,685 - model.pytorch.dcrnn_supervisor - INFO - Val loss decrease from 72592.8828 to 54981.7969.
2024-08-30 00:20:47,391 - model.pytorch.dcrnn_supervisor - INFO - epoch complete
2024-08-30 00:20:47,391 - model.pytorch.dcrnn_supervisor - INFO - evaluating now!
2024-08-30 00:20:49,640 - model.pytorch.dcrnn_supervisor - INFO - Epoch [4/10.0] (140) train_mae: 75174.9176, train_kld: 0.0215, val_mae: 59211.4883, lr: 0.000800, 18.9s
2024-08-30 00:20:52,066 - model.pytorch.dcrnn_supervisor - INFO - Epoch [4/10.0] (140) test_mae: 42570.0312, test_rmse: 183986.8438, lr: 0.000800, 18.9s
2024-08-30 00:21:12,517 - model.pytorch.dcrnn_supervisor - INFO - epoch complete
2024-08-30 00:21:12,518 - model.pytorch.dcrnn_supervisor - INFO - evaluating now!
2024-08-30 00:21:14,394 - model.pytorch.dcrnn_supervisor - INFO - Epoch [5/10.0] (168) train_mae: 82255.4392, train_kld: 0.0368, val_mae: 52203.9336, lr: 0.000800, 22.3s
2024-08-30 00:21:16,604 - model.pytorch.dcrnn_supervisor - INFO - Epoch [5/10.0] (168) test_mae: 35370.2773, test_rmse: 147564.0000, lr: 0.000800, 22.3s
2024-08-30 00:21:16,605 - model.pytorch.dcrnn_supervisor - INFO - Val loss decrease from 54981.7969 to 52203.9336.
2024-08-30 00:21:35,549 - model.pytorch.dcrnn_supervisor - INFO - epoch complete
2024-08-30 00:21:35,550 - model.pytorch.dcrnn_supervisor - INFO - evaluating now!
2024-08-30 00:21:37,451 - model.pytorch.dcrnn_supervisor - INFO - Epoch [6/10.0] (196) train_mae: 71335.2919, train_kld: 0.0221, val_mae: 81446.6406, lr: 0.000800, 20.8s
2024-08-30 00:21:39,748 - model.pytorch.dcrnn_supervisor - INFO - Epoch [6/10.0] (196) test_mae: 56430.5781, test_rmse: 267725.9062, lr: 0.000800, 20.8s
2024-08-30 00:21:57,144 - model.pytorch.dcrnn_supervisor - INFO - epoch complete
2024-08-30 00:21:57,144 - model.pytorch.dcrnn_supervisor - INFO - evaluating now!
2024-08-30 00:21:59,261 - model.pytorch.dcrnn_supervisor - INFO - Epoch [7/10.0] (224) train_mae: 71166.3055, train_kld: 0.0219, val_mae: 51909.3945, lr: 0.000800, 19.5s
2024-08-30 00:22:01,558 - model.pytorch.dcrnn_supervisor - INFO - Epoch [7/10.0] (224) test_mae: 37838.6406, test_rmse: 164758.7969, lr: 0.000800, 19.5s
2024-08-30 00:22:01,559 - model.pytorch.dcrnn_supervisor - INFO - Val loss decrease from 52203.9336 to 51909.3945.
2024-08-30 00:22:17,924 - model.pytorch.dcrnn_supervisor - INFO - epoch complete
2024-08-30 00:22:17,925 - model.pytorch.dcrnn_supervisor - INFO - evaluating now!
2024-08-30 00:22:19,844 - model.pytorch.dcrnn_supervisor - INFO - Epoch [8/10.0] (252) train_mae: 72700.4834, train_kld: 0.0320, val_mae: 59259.6406, lr: 0.000800, 18.3s
2024-08-30 00:22:21,940 - model.pytorch.dcrnn_supervisor - INFO - Epoch [8/10.0] (252) test_mae: 42326.2266, test_rmse: 180815.9062, lr: 0.000800, 18.3s
2024-08-30 00:22:39,955 - model.pytorch.dcrnn_supervisor - INFO - epoch complete
2024-08-30 00:22:39,955 - model.pytorch.dcrnn_supervisor - INFO - evaluating now!
2024-08-30 00:22:42,097 - model.pytorch.dcrnn_supervisor - INFO - Epoch [9/10.0] (280) train_mae: 80243.5759, train_kld: 0.0425, val_mae: 53976.5703, lr: 0.000800, 20.2s
2024-08-30 00:22:44,522 - model.pytorch.dcrnn_supervisor - INFO - Epoch [9/10.0] (280) test_mae: 37675.1992, test_rmse: 170953.7344, lr: 0.000800, 20.2s
2024-08-30 00:24:17,366 - model.pytorch.dcrnn_supervisor - INFO - Start training ...
2024-08-30 00:24:17,366 - model.pytorch.dcrnn_supervisor - INFO - num_batches:31
2024-08-30 00:24:17,695 - model.pytorch.dcrnn_supervisor - INFO - Total trainable parameters 321656
2024-08-30 00:24:39,032 - model.pytorch.dcrnn_supervisor - INFO - epoch complete
2024-08-30 00:24:39,033 - model.pytorch.dcrnn_supervisor - INFO - evaluating now!
2024-08-30 00:24:41,401 - model.pytorch.dcrnn_supervisor - INFO - Epoch [0/10.0] (31) train_mae: 85901.6326, train_kld: 0.0302, val_mae: 48916.5703, lr: 0.000800, 24.0s
2024-08-30 00:24:43,956 - model.pytorch.dcrnn_supervisor - INFO - Epoch [0/10.0] (31) test_mae: 33734.6484, test_rmse: 146770.7344, lr: 0.000800, 24.0s
2024-08-30 00:24:43,956 - model.pytorch.dcrnn_supervisor - INFO - Val loss decrease from inf to 48916.5703.
2024-08-30 00:25:06,190 - model.pytorch.dcrnn_supervisor - INFO - epoch complete
2024-08-30 00:25:06,190 - model.pytorch.dcrnn_supervisor - INFO - evaluating now!
2024-08-30 00:25:08,307 - model.pytorch.dcrnn_supervisor - INFO - Epoch [1/10.0] (62) train_mae: 57715.4690, train_kld: 0.0370, val_mae: 61050.0039, lr: 0.000800, 24.3s
2024-08-30 00:25:10,497 - model.pytorch.dcrnn_supervisor - INFO - Epoch [1/10.0] (62) test_mae: 43387.2070, test_rmse: 196756.7500, lr: 0.000800, 24.3s
2024-08-30 00:25:32,255 - model.pytorch.dcrnn_supervisor - INFO - epoch complete
2024-08-30 00:25:32,256 - model.pytorch.dcrnn_supervisor - INFO - evaluating now!
2024-08-30 00:25:34,430 - model.pytorch.dcrnn_supervisor - INFO - Epoch [2/10.0] (93) train_mae: 59072.9365, train_kld: 0.0333, val_mae: 54706.5195, lr: 0.000800, 23.9s
2024-08-30 00:25:36,986 - model.pytorch.dcrnn_supervisor - INFO - Epoch [2/10.0] (93) test_mae: 36215.5508, test_rmse: 164076.8281, lr: 0.000800, 23.9s
2024-08-30 00:25:58,288 - model.pytorch.dcrnn_supervisor - INFO - epoch complete
2024-08-30 00:25:58,288 - model.pytorch.dcrnn_supervisor - INFO - evaluating now!
2024-08-30 00:26:00,498 - model.pytorch.dcrnn_supervisor - INFO - Epoch [3/10.0] (124) train_mae: 52739.7823, train_kld: 0.0312, val_mae: 50689.9336, lr: 0.000800, 23.5s
2024-08-30 00:26:02,797 - model.pytorch.dcrnn_supervisor - INFO - Epoch [3/10.0] (124) test_mae: 36964.0977, test_rmse: 158266.2031, lr: 0.000800, 23.5s
2024-08-30 00:26:21,611 - model.pytorch.dcrnn_supervisor - INFO - epoch complete
2024-08-30 00:26:21,611 - model.pytorch.dcrnn_supervisor - INFO - evaluating now!
2024-08-30 00:26:23,793 - model.pytorch.dcrnn_supervisor - INFO - Epoch [4/10.0] (155) train_mae: 52143.7078, train_kld: 0.0378, val_mae: 42526.2812, lr: 0.000800, 21.0s
2024-08-30 00:26:26,025 - model.pytorch.dcrnn_supervisor - INFO - Epoch [4/10.0] (155) test_mae: 30033.7930, test_rmse: 128081.3359, lr: 0.000800, 21.0s
2024-08-30 00:26:26,026 - model.pytorch.dcrnn_supervisor - INFO - Val loss decrease from 48916.5703 to 42526.2812.
2024-08-30 00:26:44,650 - model.pytorch.dcrnn_supervisor - INFO - epoch complete
2024-08-30 00:26:44,651 - model.pytorch.dcrnn_supervisor - INFO - evaluating now!
2024-08-30 00:26:46,593 - model.pytorch.dcrnn_supervisor - INFO - Epoch [5/10.0] (186) train_mae: 50321.0525, train_kld: 0.0271, val_mae: 39981.3633, lr: 0.000800, 20.5s
2024-08-30 00:26:48,625 - model.pytorch.dcrnn_supervisor - INFO - Epoch [5/10.0] (186) test_mae: 29166.7266, test_rmse: 124387.3750, lr: 0.000800, 20.5s
2024-08-30 00:26:48,625 - model.pytorch.dcrnn_supervisor - INFO - Val loss decrease from 42526.2812 to 39981.3633.
2024-08-30 00:27:06,361 - model.pytorch.dcrnn_supervisor - INFO - epoch complete
2024-08-30 00:27:06,361 - model.pytorch.dcrnn_supervisor - INFO - evaluating now!
2024-08-30 00:27:08,343 - model.pytorch.dcrnn_supervisor - INFO - Epoch [6/10.0] (217) train_mae: 47822.4118, train_kld: 0.0261, val_mae: 57339.5859, lr: 0.000800, 19.7s
2024-08-30 00:27:10,378 - model.pytorch.dcrnn_supervisor - INFO - Epoch [6/10.0] (217) test_mae: 41212.3555, test_rmse: 181797.0781, lr: 0.000800, 19.7s
2024-08-30 00:27:31,552 - model.pytorch.dcrnn_supervisor - INFO - epoch complete
2024-08-30 00:27:31,553 - model.pytorch.dcrnn_supervisor - INFO - evaluating now!
2024-08-30 00:27:33,671 - model.pytorch.dcrnn_supervisor - INFO - Epoch [7/10.0] (248) train_mae: 51427.7249, train_kld: 0.0272, val_mae: 41850.6875, lr: 0.000800, 23.3s
2024-08-30 00:27:36,039 - model.pytorch.dcrnn_supervisor - INFO - Epoch [7/10.0] (248) test_mae: 29468.1934, test_rmse: 127345.8047, lr: 0.000800, 23.3s
2024-08-30 00:27:57,018 - model.pytorch.dcrnn_supervisor - INFO - epoch complete
2024-08-30 00:27:57,018 - model.pytorch.dcrnn_supervisor - INFO - evaluating now!
2024-08-30 00:27:58,836 - model.pytorch.dcrnn_supervisor - INFO - Epoch [8/10.0] (279) train_mae: 48950.7840, train_kld: 0.0450, val_mae: 38054.7734, lr: 0.000800, 22.8s
2024-08-30 00:28:00,835 - model.pytorch.dcrnn_supervisor - INFO - Epoch [8/10.0] (279) test_mae: 26709.5020, test_rmse: 113683.0781, lr: 0.000800, 22.8s
2024-08-30 00:28:00,835 - model.pytorch.dcrnn_supervisor - INFO - Val loss decrease from 39981.3633 to 38054.7734.
2024-08-30 00:28:20,792 - model.pytorch.dcrnn_supervisor - INFO - epoch complete
2024-08-30 00:28:20,792 - model.pytorch.dcrnn_supervisor - INFO - evaluating now!
2024-08-30 00:28:22,832 - model.pytorch.dcrnn_supervisor - INFO - Epoch [9/10.0] (310) train_mae: 53764.3814, train_kld: 0.0317, val_mae: 42727.8516, lr: 0.000800, 22.0s
2024-08-30 00:28:25,152 - model.pytorch.dcrnn_supervisor - INFO - Epoch [9/10.0] (310) test_mae: 30648.3594, test_rmse: 131758.6250, lr: 0.000800, 22.0s
2024-08-30 00:29:47,265 - model.pytorch.dcrnn_supervisor - INFO - Start training ...
2024-08-30 00:29:47,266 - model.pytorch.dcrnn_supervisor - INFO - num_batches:35
2024-08-30 00:29:47,543 - model.pytorch.dcrnn_supervisor - INFO - Total trainable parameters 321656
2024-08-30 00:30:07,470 - model.pytorch.dcrnn_supervisor - INFO - epoch complete
2024-08-30 00:30:07,470 - model.pytorch.dcrnn_supervisor - INFO - evaluating now!
2024-08-30 00:30:09,188 - model.pytorch.dcrnn_supervisor - INFO - Epoch [0/10.0] (35) train_mae: 61881.7073, train_kld: 0.0299, val_mae: 43964.6680, lr: 0.000800, 21.9s
2024-08-30 00:30:11,091 - model.pytorch.dcrnn_supervisor - INFO - Epoch [0/10.0] (35) test_mae: 32312.6523, test_rmse: 135580.4531, lr: 0.000800, 21.9s
2024-08-30 00:30:11,091 - model.pytorch.dcrnn_supervisor - INFO - Val loss decrease from inf to 43964.6680.
2024-08-30 00:30:32,531 - model.pytorch.dcrnn_supervisor - INFO - epoch complete
2024-08-30 00:30:32,531 - model.pytorch.dcrnn_supervisor - INFO - evaluating now!
2024-08-30 00:30:34,665 - model.pytorch.dcrnn_supervisor - INFO - Epoch [1/10.0] (70) train_mae: 52556.3655, train_kld: 0.0260, val_mae: 50481.6094, lr: 0.000800, 23.6s
2024-08-30 00:30:36,853 - model.pytorch.dcrnn_supervisor - INFO - Epoch [1/10.0] (70) test_mae: 36495.3438, test_rmse: 162133.7344, lr: 0.000800, 23.6s
2024-08-30 00:31:01,397 - model.pytorch.dcrnn_supervisor - INFO - epoch complete
2024-08-30 00:31:01,397 - model.pytorch.dcrnn_supervisor - INFO - evaluating now!
2024-08-30 00:31:03,518 - model.pytorch.dcrnn_supervisor - INFO - Epoch [2/10.0] (105) train_mae: 50894.6048, train_kld: 0.0379, val_mae: 58428.4531, lr: 0.000800, 26.7s
2024-08-30 00:31:05,763 - model.pytorch.dcrnn_supervisor - INFO - Epoch [2/10.0] (105) test_mae: 42179.4922, test_rmse: 193038.9219, lr: 0.000800, 26.7s
2024-08-30 00:31:26,393 - model.pytorch.dcrnn_supervisor - INFO - epoch complete
2024-08-30 00:31:26,394 - model.pytorch.dcrnn_supervisor - INFO - evaluating now!
2024-08-30 00:31:28,369 - model.pytorch.dcrnn_supervisor - INFO - Epoch [3/10.0] (140) train_mae: 48545.0332, train_kld: 0.0379, val_mae: 39461.2812, lr: 0.000800, 22.6s
2024-08-30 00:31:30,476 - model.pytorch.dcrnn_supervisor - INFO - Epoch [3/10.0] (140) test_mae: 28293.9766, test_rmse: 120213.5391, lr: 0.000800, 22.6s
2024-08-30 00:31:30,477 - model.pytorch.dcrnn_supervisor - INFO - Val loss decrease from 43964.6680 to 39461.2812.
2024-08-30 00:31:52,683 - model.pytorch.dcrnn_supervisor - INFO - epoch complete
2024-08-30 00:31:52,683 - model.pytorch.dcrnn_supervisor - INFO - evaluating now!
2024-08-30 00:31:54,616 - model.pytorch.dcrnn_supervisor - INFO - Epoch [4/10.0] (175) train_mae: 43638.9340, train_kld: 0.0291, val_mae: 37615.7930, lr: 0.000800, 24.1s
2024-08-30 00:31:56,502 - model.pytorch.dcrnn_supervisor - INFO - Epoch [4/10.0] (175) test_mae: 26581.0117, test_rmse: 114742.7734, lr: 0.000800, 24.1s
2024-08-30 00:31:56,502 - model.pytorch.dcrnn_supervisor - INFO - Val loss decrease from 39461.2812 to 37615.7930.
2024-08-30 00:32:15,557 - model.pytorch.dcrnn_supervisor - INFO - epoch complete
2024-08-30 00:32:15,558 - model.pytorch.dcrnn_supervisor - INFO - evaluating now!
2024-08-30 00:32:17,484 - model.pytorch.dcrnn_supervisor - INFO - Epoch [5/10.0] (210) train_mae: 44819.9218, train_kld: 0.0360, val_mae: 42313.5586, lr: 0.000800, 21.0s
2024-08-30 00:32:19,902 - model.pytorch.dcrnn_supervisor - INFO - Epoch [5/10.0] (210) test_mae: 31849.4434, test_rmse: 132584.8750, lr: 0.000800, 21.0s
2024-08-30 00:32:45,864 - model.pytorch.dcrnn_supervisor - INFO - epoch complete
2024-08-30 00:32:45,864 - model.pytorch.dcrnn_supervisor - INFO - evaluating now!
2024-08-30 00:32:47,959 - model.pytorch.dcrnn_supervisor - INFO - Epoch [6/10.0] (245) train_mae: 42565.2761, train_kld: 0.0370, val_mae: 43900.2422, lr: 0.000800, 28.1s
2024-08-30 00:32:50,198 - model.pytorch.dcrnn_supervisor - INFO - Epoch [6/10.0] (245) test_mae: 32806.2695, test_rmse: 145642.9531, lr: 0.000800, 28.1s
2024-08-30 00:33:14,228 - model.pytorch.dcrnn_supervisor - INFO - epoch complete
2024-08-30 00:33:14,229 - model.pytorch.dcrnn_supervisor - INFO - evaluating now!
2024-08-30 00:33:16,400 - model.pytorch.dcrnn_supervisor - INFO - Epoch [7/10.0] (280) train_mae: 42035.5901, train_kld: 0.0416, val_mae: 37018.6836, lr: 0.000800, 26.2s
2024-08-30 00:33:18,289 - model.pytorch.dcrnn_supervisor - INFO - Epoch [7/10.0] (280) test_mae: 27131.9316, test_rmse: 116347.7344, lr: 0.000800, 26.2s
2024-08-30 00:33:18,290 - model.pytorch.dcrnn_supervisor - INFO - Val loss decrease from 37615.7930 to 37018.6836.
2024-08-30 00:33:39,328 - model.pytorch.dcrnn_supervisor - INFO - epoch complete
2024-08-30 00:33:39,329 - model.pytorch.dcrnn_supervisor - INFO - evaluating now!
2024-08-30 00:33:41,348 - model.pytorch.dcrnn_supervisor - INFO - Epoch [8/10.0] (315) train_mae: 40119.8165, train_kld: 0.0433, val_mae: 38027.9727, lr: 0.000800, 23.0s
2024-08-30 00:33:43,221 - model.pytorch.dcrnn_supervisor - INFO - Epoch [8/10.0] (315) test_mae: 25906.3555, test_rmse: 113328.9219, lr: 0.000800, 23.0s
2024-08-30 00:34:02,169 - model.pytorch.dcrnn_supervisor - INFO - epoch complete
2024-08-30 00:34:02,170 - model.pytorch.dcrnn_supervisor - INFO - evaluating now!
2024-08-30 00:34:03,928 - model.pytorch.dcrnn_supervisor - INFO - Epoch [9/10.0] (350) train_mae: 43234.6422, train_kld: 0.0411, val_mae: 43005.2930, lr: 0.000800, 20.7s
2024-08-30 00:34:05,868 - model.pytorch.dcrnn_supervisor - INFO - Epoch [9/10.0] (350) test_mae: 31603.9492, test_rmse: 139230.5469, lr: 0.000800, 20.7s
2024-08-30 00:35:24,347 - model.pytorch.dcrnn_supervisor - INFO - Start training ...
2024-08-30 00:35:24,347 - model.pytorch.dcrnn_supervisor - INFO - num_batches:38
2024-08-30 00:35:24,590 - model.pytorch.dcrnn_supervisor - INFO - Total trainable parameters 321656
2024-08-30 00:35:48,578 - model.pytorch.dcrnn_supervisor - INFO - epoch complete
2024-08-30 00:35:48,579 - model.pytorch.dcrnn_supervisor - INFO - evaluating now!
2024-08-30 00:35:50,934 - model.pytorch.dcrnn_supervisor - INFO - Epoch [0/10.0] (38) train_mae: 48779.2356, train_kld: 0.0320, val_mae: 41609.8750, lr: 0.000800, 26.6s
2024-08-30 00:35:53,467 - model.pytorch.dcrnn_supervisor - INFO - Epoch [0/10.0] (38) test_mae: 27644.3320, test_rmse: 125817.3828, lr: 0.000800, 26.6s
2024-08-30 00:35:53,467 - model.pytorch.dcrnn_supervisor - INFO - Val loss decrease from inf to 41609.8750.
2024-08-30 00:36:14,555 - model.pytorch.dcrnn_supervisor - INFO - epoch complete
2024-08-30 00:36:14,556 - model.pytorch.dcrnn_supervisor - INFO - evaluating now!
2024-08-30 00:36:16,417 - model.pytorch.dcrnn_supervisor - INFO - Epoch [1/10.0] (76) train_mae: 45858.1832, train_kld: 0.0339, val_mae: 40617.0664, lr: 0.000800, 22.9s
2024-08-30 00:36:18,627 - model.pytorch.dcrnn_supervisor - INFO - Epoch [1/10.0] (76) test_mae: 28747.5977, test_rmse: 129373.3984, lr: 0.000800, 22.9s
2024-08-30 00:36:18,627 - model.pytorch.dcrnn_supervisor - INFO - Val loss decrease from 41609.8750 to 40617.0664.
2024-08-30 00:36:41,338 - model.pytorch.dcrnn_supervisor - INFO - epoch complete
2024-08-30 00:36:41,339 - model.pytorch.dcrnn_supervisor - INFO - evaluating now!
2024-08-30 00:36:43,409 - model.pytorch.dcrnn_supervisor - INFO - Epoch [2/10.0] (114) train_mae: 44345.3204, train_kld: 0.0337, val_mae: 38447.7188, lr: 0.000800, 24.8s
2024-08-30 00:36:45,610 - model.pytorch.dcrnn_supervisor - INFO - Epoch [2/10.0] (114) test_mae: 27963.5254, test_rmse: 126381.7422, lr: 0.000800, 24.8s
2024-08-30 00:36:45,610 - model.pytorch.dcrnn_supervisor - INFO - Val loss decrease from 40617.0664 to 38447.7188.
2024-08-30 00:37:11,834 - model.pytorch.dcrnn_supervisor - INFO - epoch complete
2024-08-30 00:37:11,835 - model.pytorch.dcrnn_supervisor - INFO - evaluating now!
2024-08-30 00:37:14,098 - model.pytorch.dcrnn_supervisor - INFO - Epoch [3/10.0] (152) train_mae: 43137.6929, train_kld: 0.0322, val_mae: 48198.0625, lr: 0.000800, 28.5s
2024-08-30 00:37:16,075 - model.pytorch.dcrnn_supervisor - INFO - Epoch [3/10.0] (152) test_mae: 34127.4492, test_rmse: 154540.9688, lr: 0.000800, 28.5s
2024-08-30 00:37:36,669 - model.pytorch.dcrnn_supervisor - INFO - epoch complete
2024-08-30 00:37:36,669 - model.pytorch.dcrnn_supervisor - INFO - evaluating now!
2024-08-30 00:37:38,488 - model.pytorch.dcrnn_supervisor - INFO - Epoch [4/10.0] (190) train_mae: 44397.5462, train_kld: 0.0309, val_mae: 36097.0234, lr: 0.000800, 22.4s
2024-08-30 00:37:40,792 - model.pytorch.dcrnn_supervisor - INFO - Epoch [4/10.0] (190) test_mae: 25676.6016, test_rmse: 115382.5156, lr: 0.000800, 22.4s
2024-08-30 00:37:40,792 - model.pytorch.dcrnn_supervisor - INFO - Val loss decrease from 38447.7188 to 36097.0234.
2024-08-30 00:38:02,465 - model.pytorch.dcrnn_supervisor - INFO - epoch complete
2024-08-30 00:38:02,466 - model.pytorch.dcrnn_supervisor - INFO - evaluating now!
2024-08-30 00:38:04,309 - model.pytorch.dcrnn_supervisor - INFO - Epoch [5/10.0] (228) train_mae: 47098.9935, train_kld: 0.0293, val_mae: 61160.2227, lr: 0.000800, 23.5s
2024-08-30 00:38:06,639 - model.pytorch.dcrnn_supervisor - INFO - Epoch [5/10.0] (228) test_mae: 44884.7266, test_rmse: 218277.1875, lr: 0.000800, 23.5s
2024-08-30 00:38:29,694 - model.pytorch.dcrnn_supervisor - INFO - epoch complete
2024-08-30 00:38:29,695 - model.pytorch.dcrnn_supervisor - INFO - evaluating now!
2024-08-30 00:38:31,808 - model.pytorch.dcrnn_supervisor - INFO - Epoch [6/10.0] (266) train_mae: 47806.9457, train_kld: 0.0290, val_mae: 36582.9492, lr: 0.000800, 25.2s
2024-08-30 00:38:34,044 - model.pytorch.dcrnn_supervisor - INFO - Epoch [6/10.0] (266) test_mae: 26238.0840, test_rmse: 114897.4453, lr: 0.000800, 25.2s
2024-08-30 00:39:00,043 - model.pytorch.dcrnn_supervisor - INFO - epoch complete
2024-08-30 00:39:00,043 - model.pytorch.dcrnn_supervisor - INFO - evaluating now!
2024-08-30 00:39:02,237 - model.pytorch.dcrnn_supervisor - INFO - Epoch [7/10.0] (304) train_mae: 39138.4391, train_kld: 0.0300, val_mae: 38311.0312, lr: 0.000800, 28.2s
2024-08-30 00:39:04,548 - model.pytorch.dcrnn_supervisor - INFO - Epoch [7/10.0] (304) test_mae: 28751.3672, test_rmse: 129419.3828, lr: 0.000800, 28.2s
2024-08-30 00:39:32,053 - model.pytorch.dcrnn_supervisor - INFO - epoch complete
2024-08-30 00:39:32,054 - model.pytorch.dcrnn_supervisor - INFO - evaluating now!
2024-08-30 00:39:34,529 - model.pytorch.dcrnn_supervisor - INFO - Epoch [8/10.0] (342) train_mae: 35823.2264, train_kld: 0.0277, val_mae: 34350.6875, lr: 0.000800, 30.0s
2024-08-30 00:39:37,115 - model.pytorch.dcrnn_supervisor - INFO - Epoch [8/10.0] (342) test_mae: 25737.5430, test_rmse: 112206.7969, lr: 0.000800, 30.0s
2024-08-30 00:39:37,115 - model.pytorch.dcrnn_supervisor - INFO - Val loss decrease from 36097.0234 to 34350.6875.
2024-08-30 00:40:04,709 - model.pytorch.dcrnn_supervisor - INFO - epoch complete
2024-08-30 00:40:04,709 - model.pytorch.dcrnn_supervisor - INFO - evaluating now!
2024-08-30 00:40:06,636 - model.pytorch.dcrnn_supervisor - INFO - Epoch [9/10.0] (380) train_mae: 38916.4927, train_kld: 0.0299, val_mae: 52882.2227, lr: 0.000800, 29.5s
2024-08-30 00:40:08,762 - model.pytorch.dcrnn_supervisor - INFO - Epoch [9/10.0] (380) test_mae: 37350.4688, test_rmse: 172996.5781, lr: 0.000800, 29.5s
2024-08-30 00:41:30,163 - model.pytorch.dcrnn_supervisor - INFO - Start training ...
2024-08-30 00:41:30,164 - model.pytorch.dcrnn_supervisor - INFO - num_batches:41
2024-08-30 00:41:30,541 - model.pytorch.dcrnn_supervisor - INFO - Total trainable parameters 321656
2024-08-30 00:42:00,467 - model.pytorch.dcrnn_supervisor - INFO - epoch complete
2024-08-30 00:42:00,468 - model.pytorch.dcrnn_supervisor - INFO - evaluating now!
2024-08-30 00:42:02,942 - model.pytorch.dcrnn_supervisor - INFO - Epoch [0/10.0] (41) train_mae: 46406.6672, train_kld: 0.0315, val_mae: 32974.9531, lr: 0.000800, 32.8s
2024-08-30 00:42:05,557 - model.pytorch.dcrnn_supervisor - INFO - Epoch [0/10.0] (41) test_mae: 23826.5684, test_rmse: 107037.8594, lr: 0.000800, 32.8s
2024-08-30 00:42:05,558 - model.pytorch.dcrnn_supervisor - INFO - Val loss decrease from inf to 32974.9531.
2024-08-30 00:42:35,282 - model.pytorch.dcrnn_supervisor - INFO - epoch complete
2024-08-30 00:42:35,282 - model.pytorch.dcrnn_supervisor - INFO - evaluating now!
2024-08-30 00:42:37,549 - model.pytorch.dcrnn_supervisor - INFO - Epoch [1/10.0] (82) train_mae: 34515.5425, train_kld: 0.0285, val_mae: 40952.0039, lr: 0.000800, 32.0s
2024-08-30 00:42:39,925 - model.pytorch.dcrnn_supervisor - INFO - Epoch [1/10.0] (82) test_mae: 30543.9980, test_rmse: 141814.5000, lr: 0.000800, 32.0s
2024-08-30 00:43:04,823 - model.pytorch.dcrnn_supervisor - INFO - epoch complete
2024-08-30 00:43:04,823 - model.pytorch.dcrnn_supervisor - INFO - evaluating now!
2024-08-30 00:43:07,049 - model.pytorch.dcrnn_supervisor - INFO - Epoch [2/10.0] (123) train_mae: 32182.4759, train_kld: 0.0303, val_mae: 29742.7930, lr: 0.000800, 27.1s
2024-08-30 00:43:09,478 - model.pytorch.dcrnn_supervisor - INFO - Epoch [2/10.0] (123) test_mae: 21416.2812, test_rmse: 100318.3438, lr: 0.000800, 27.1s
2024-08-30 00:43:09,479 - model.pytorch.dcrnn_supervisor - INFO - Val loss decrease from 32974.9531 to 29742.7930.
2024-08-30 00:43:37,190 - model.pytorch.dcrnn_supervisor - INFO - epoch complete
2024-08-30 00:43:37,190 - model.pytorch.dcrnn_supervisor - INFO - evaluating now!
2024-08-30 00:43:39,457 - model.pytorch.dcrnn_supervisor - INFO - Epoch [3/10.0] (164) train_mae: 33051.1123, train_kld: 0.0298, val_mae: 32295.9375, lr: 0.000800, 29.9s
2024-08-30 00:43:41,521 - model.pytorch.dcrnn_supervisor - INFO - Epoch [3/10.0] (164) test_mae: 23699.6973, test_rmse: 111081.6328, lr: 0.000800, 29.9s
2024-08-30 00:44:10,961 - model.pytorch.dcrnn_supervisor - INFO - epoch complete
2024-08-30 00:44:10,961 - model.pytorch.dcrnn_supervisor - INFO - evaluating now!
2024-08-30 00:44:13,000 - model.pytorch.dcrnn_supervisor - INFO - Epoch [4/10.0] (205) train_mae: 32012.1448, train_kld: 0.0312, val_mae: 33095.4492, lr: 0.000800, 31.5s
2024-08-30 00:44:15,098 - model.pytorch.dcrnn_supervisor - INFO - Epoch [4/10.0] (205) test_mae: 23855.3145, test_rmse: 113823.6172, lr: 0.000800, 31.5s
2024-08-30 00:44:44,223 - model.pytorch.dcrnn_supervisor - INFO - epoch complete
2024-08-30 00:44:44,223 - model.pytorch.dcrnn_supervisor - INFO - evaluating now!
2024-08-30 00:44:46,129 - model.pytorch.dcrnn_supervisor - INFO - Epoch [5/10.0] (246) train_mae: 32884.2707, train_kld: 0.0323, val_mae: 47081.8945, lr: 0.000800, 31.0s
2024-08-30 00:44:48,526 - model.pytorch.dcrnn_supervisor - INFO - Epoch [5/10.0] (246) test_mae: 33470.8906, test_rmse: 167132.0938, lr: 0.000800, 31.0s
2024-08-30 00:45:19,710 - model.pytorch.dcrnn_supervisor - INFO - epoch complete
2024-08-30 00:45:19,710 - model.pytorch.dcrnn_supervisor - INFO - evaluating now!
2024-08-30 00:45:21,793 - model.pytorch.dcrnn_supervisor - INFO - Epoch [6/10.0] (287) train_mae: 45310.4435, train_kld: 0.0243, val_mae: 38616.4805, lr: 0.000800, 33.3s
2024-08-30 00:45:23,909 - model.pytorch.dcrnn_supervisor - INFO - Epoch [6/10.0] (287) test_mae: 27470.7070, test_rmse: 134109.2812, lr: 0.000800, 33.3s
2024-08-30 00:45:56,574 - model.pytorch.dcrnn_supervisor - INFO - epoch complete
2024-08-30 00:45:56,574 - model.pytorch.dcrnn_supervisor - INFO - evaluating now!
2024-08-30 00:45:58,684 - model.pytorch.dcrnn_supervisor - INFO - Epoch [7/10.0] (328) train_mae: 34813.0408, train_kld: 0.0266, val_mae: 31254.8340, lr: 0.000800, 34.8s
2024-08-30 00:46:00,948 - model.pytorch.dcrnn_supervisor - INFO - Epoch [7/10.0] (328) test_mae: 23049.3379, test_rmse: 105564.9844, lr: 0.000800, 34.8s
2024-08-30 00:46:31,091 - model.pytorch.dcrnn_supervisor - INFO - epoch complete
2024-08-30 00:46:31,091 - model.pytorch.dcrnn_supervisor - INFO - evaluating now!
2024-08-30 00:46:33,354 - model.pytorch.dcrnn_supervisor - INFO - Epoch [8/10.0] (369) train_mae: 33696.4139, train_kld: 0.0319, val_mae: 31935.7227, lr: 0.000800, 32.4s
2024-08-30 00:46:36,333 - model.pytorch.dcrnn_supervisor - INFO - Epoch [8/10.0] (369) test_mae: 23376.0469, test_rmse: 109815.9688, lr: 0.000800, 32.4s
2024-08-30 00:47:04,290 - model.pytorch.dcrnn_supervisor - INFO - epoch complete
2024-08-30 00:47:04,291 - model.pytorch.dcrnn_supervisor - INFO - evaluating now!
2024-08-30 00:47:06,202 - model.pytorch.dcrnn_supervisor - INFO - Epoch [9/10.0] (410) train_mae: 32607.8295, train_kld: 0.0329, val_mae: 36106.8203, lr: 0.000800, 29.9s
2024-08-30 00:47:08,228 - model.pytorch.dcrnn_supervisor - INFO - Epoch [9/10.0] (410) test_mae: 25505.8457, test_rmse: 125863.8828, lr: 0.000800, 29.9s
2024-08-30 00:48:27,765 - model.pytorch.dcrnn_supervisor - INFO - Start training ...
2024-08-30 00:48:27,766 - model.pytorch.dcrnn_supervisor - INFO - num_batches:43
2024-08-30 00:48:28,077 - model.pytorch.dcrnn_supervisor - INFO - Total trainable parameters 321656
2024-08-30 00:48:56,713 - model.pytorch.dcrnn_supervisor - INFO - epoch complete
2024-08-30 00:48:56,713 - model.pytorch.dcrnn_supervisor - INFO - evaluating now!
2024-08-30 00:48:58,741 - model.pytorch.dcrnn_supervisor - INFO - Epoch [0/10.0] (43) train_mae: 36713.6173, train_kld: 0.0369, val_mae: 45226.9453, lr: 0.000800, 31.0s
2024-08-30 00:49:01,156 - model.pytorch.dcrnn_supervisor - INFO - Epoch [0/10.0] (43) test_mae: 31286.4414, test_rmse: 153026.4062, lr: 0.000800, 31.0s
2024-08-30 00:49:01,156 - model.pytorch.dcrnn_supervisor - INFO - Val loss decrease from inf to 45226.9453.
2024-08-30 00:49:30,697 - model.pytorch.dcrnn_supervisor - INFO - epoch complete
2024-08-30 00:49:30,697 - model.pytorch.dcrnn_supervisor - INFO - evaluating now!
2024-08-30 00:49:32,616 - model.pytorch.dcrnn_supervisor - INFO - Epoch [1/10.0] (86) train_mae: 29388.0332, train_kld: 0.0314, val_mae: 28916.0977, lr: 0.000800, 31.5s
2024-08-30 00:49:34,696 - model.pytorch.dcrnn_supervisor - INFO - Epoch [1/10.0] (86) test_mae: 21201.9570, test_rmse: 98210.4219, lr: 0.000800, 31.5s
2024-08-30 00:49:34,697 - model.pytorch.dcrnn_supervisor - INFO - Val loss decrease from 45226.9453 to 28916.0977.
2024-08-30 00:50:05,840 - model.pytorch.dcrnn_supervisor - INFO - epoch complete
2024-08-30 00:50:05,841 - model.pytorch.dcrnn_supervisor - INFO - evaluating now!
2024-08-30 00:50:08,143 - model.pytorch.dcrnn_supervisor - INFO - Epoch [2/10.0] (129) train_mae: 27495.1041, train_kld: 0.0279, val_mae: 34552.9648, lr: 0.000800, 33.4s
2024-08-30 00:50:10,569 - model.pytorch.dcrnn_supervisor - INFO - Epoch [2/10.0] (129) test_mae: 25242.6582, test_rmse: 122007.0938, lr: 0.000800, 33.4s
2024-08-30 00:50:40,344 - model.pytorch.dcrnn_supervisor - INFO - epoch complete
2024-08-30 00:50:40,345 - model.pytorch.dcrnn_supervisor - INFO - evaluating now!
2024-08-30 00:50:42,327 - model.pytorch.dcrnn_supervisor - INFO - Epoch [3/10.0] (172) train_mae: 26525.5144, train_kld: 0.0354, val_mae: 28445.4316, lr: 0.000800, 31.8s
2024-08-30 00:50:44,744 - model.pytorch.dcrnn_supervisor - INFO - Epoch [3/10.0] (172) test_mae: 20393.0059, test_rmse: 96711.8906, lr: 0.000800, 31.8s
2024-08-30 00:50:44,745 - model.pytorch.dcrnn_supervisor - INFO - Val loss decrease from 28916.0977 to 28445.4316.
2024-08-30 00:51:10,833 - model.pytorch.dcrnn_supervisor - INFO - epoch complete
2024-08-30 00:51:10,833 - model.pytorch.dcrnn_supervisor - INFO - evaluating now!
2024-08-30 00:51:12,950 - model.pytorch.dcrnn_supervisor - INFO - Epoch [4/10.0] (215) train_mae: 28372.7433, train_kld: 0.0286, val_mae: 31620.9531, lr: 0.000800, 28.2s
2024-08-30 00:51:15,051 - model.pytorch.dcrnn_supervisor - INFO - Epoch [4/10.0] (215) test_mae: 22051.1875, test_rmse: 103149.8281, lr: 0.000800, 28.2s
2024-08-30 00:51:46,210 - model.pytorch.dcrnn_supervisor - INFO - epoch complete
2024-08-30 00:51:46,210 - model.pytorch.dcrnn_supervisor - INFO - evaluating now!
2024-08-30 00:51:48,661 - model.pytorch.dcrnn_supervisor - INFO - Epoch [5/10.0] (258) train_mae: 26977.9916, train_kld: 0.0342, val_mae: 24763.2910, lr: 0.000800, 33.6s
2024-08-30 00:51:51,304 - model.pytorch.dcrnn_supervisor - INFO - Epoch [5/10.0] (258) test_mae: 17742.5938, test_rmse: 83633.4688, lr: 0.000800, 33.6s
2024-08-30 00:51:51,304 - model.pytorch.dcrnn_supervisor - INFO - Val loss decrease from 28445.4316 to 24763.2910.
2024-08-30 00:52:22,085 - model.pytorch.dcrnn_supervisor - INFO - epoch complete
2024-08-30 00:52:22,085 - model.pytorch.dcrnn_supervisor - INFO - evaluating now!
2024-08-30 00:52:24,616 - model.pytorch.dcrnn_supervisor - INFO - Epoch [6/10.0] (301) train_mae: 26379.2829, train_kld: 0.0319, val_mae: 31375.5352, lr: 0.000800, 33.3s
2024-08-30 00:52:26,984 - model.pytorch.dcrnn_supervisor - INFO - Epoch [6/10.0] (301) test_mae: 23271.3320, test_rmse: 110460.0391, lr: 0.000800, 33.3s
2024-08-30 00:52:55,734 - model.pytorch.dcrnn_supervisor - INFO - epoch complete
2024-08-30 00:52:55,735 - model.pytorch.dcrnn_supervisor - INFO - evaluating now!
2024-08-30 00:52:57,955 - model.pytorch.dcrnn_supervisor - INFO - Epoch [7/10.0] (344) train_mae: 25475.8677, train_kld: 0.0265, val_mae: 25669.6133, lr: 0.000800, 31.0s
2024-08-30 00:53:00,126 - model.pytorch.dcrnn_supervisor - INFO - Epoch [7/10.0] (344) test_mae: 18900.4082, test_rmse: 89701.4844, lr: 0.000800, 31.0s
2024-08-30 00:53:28,274 - model.pytorch.dcrnn_supervisor - INFO - epoch complete
2024-08-30 00:53:28,274 - model.pytorch.dcrnn_supervisor - INFO - evaluating now!
2024-08-30 00:53:30,252 - model.pytorch.dcrnn_supervisor - INFO - Epoch [8/10.0] (387) train_mae: 24967.9378, train_kld: 0.0357, val_mae: 24287.0977, lr: 0.000800, 30.1s
2024-08-30 00:53:32,342 - model.pytorch.dcrnn_supervisor - INFO - Epoch [8/10.0] (387) test_mae: 17942.4902, test_rmse: 86156.8594, lr: 0.000800, 30.1s
2024-08-30 00:53:32,343 - model.pytorch.dcrnn_supervisor - INFO - Val loss decrease from 24763.2910 to 24287.0977.
2024-08-30 00:54:02,229 - model.pytorch.dcrnn_supervisor - INFO - epoch complete
2024-08-30 00:54:02,229 - model.pytorch.dcrnn_supervisor - INFO - evaluating now!
2024-08-30 00:54:04,623 - model.pytorch.dcrnn_supervisor - INFO - Epoch [9/10.0] (430) train_mae: 22414.9040, train_kld: 0.0469, val_mae: 24958.7148, lr: 0.000800, 32.3s
2024-08-30 00:54:07,139 - model.pytorch.dcrnn_supervisor - INFO - Epoch [9/10.0] (430) test_mae: 18293.4277, test_rmse: 87178.0234, lr: 0.000800, 32.3s
2024-08-30 00:55:20,659 - model.pytorch.dcrnn_supervisor - INFO - Start training ...
2024-08-30 00:55:20,700 - model.pytorch.dcrnn_supervisor - INFO - num_batches:47
2024-08-30 00:55:21,018 - model.pytorch.dcrnn_supervisor - INFO - Total trainable parameters 321656
2024-08-30 00:55:54,836 - model.pytorch.dcrnn_supervisor - INFO - epoch complete
2024-08-30 00:55:54,836 - model.pytorch.dcrnn_supervisor - INFO - evaluating now!
2024-08-30 00:55:57,156 - model.pytorch.dcrnn_supervisor - INFO - Epoch [0/10.0] (47) train_mae: 34515.1831, train_kld: 0.0325, val_mae: 31822.3887, lr: 0.000800, 36.5s
2024-08-30 00:55:59,177 - model.pytorch.dcrnn_supervisor - INFO - Epoch [0/10.0] (47) test_mae: 23251.4824, test_rmse: 103950.0078, lr: 0.000800, 36.5s
2024-08-30 00:55:59,177 - model.pytorch.dcrnn_supervisor - INFO - Val loss decrease from inf to 31822.3887.
2024-08-30 00:56:31,434 - model.pytorch.dcrnn_supervisor - INFO - epoch complete
2024-08-30 00:56:31,434 - model.pytorch.dcrnn_supervisor - INFO - evaluating now!
2024-08-30 00:56:33,747 - model.pytorch.dcrnn_supervisor - INFO - Epoch [1/10.0] (94) train_mae: 26550.0980, train_kld: 0.0363, val_mae: 31236.7695, lr: 0.000800, 34.6s
2024-08-30 00:56:36,224 - model.pytorch.dcrnn_supervisor - INFO - Epoch [1/10.0] (94) test_mae: 21729.9785, test_rmse: 98932.2031, lr: 0.000800, 34.6s
2024-08-30 00:56:36,224 - model.pytorch.dcrnn_supervisor - INFO - Val loss decrease from 31822.3887 to 31236.7695.
2024-08-30 00:57:09,373 - model.pytorch.dcrnn_supervisor - INFO - epoch complete
2024-08-30 00:57:09,373 - model.pytorch.dcrnn_supervisor - INFO - evaluating now!
2024-08-30 00:57:11,772 - model.pytorch.dcrnn_supervisor - INFO - Epoch [2/10.0] (141) train_mae: 26014.7549, train_kld: 0.0355, val_mae: 26004.3750, lr: 0.000800, 35.5s
2024-08-30 00:57:14,442 - model.pytorch.dcrnn_supervisor - INFO - Epoch [2/10.0] (141) test_mae: 19828.2383, test_rmse: 82860.6094, lr: 0.000800, 35.5s
2024-08-30 00:57:14,442 - model.pytorch.dcrnn_supervisor - INFO - Val loss decrease from 31236.7695 to 26004.3750.
2024-08-30 00:57:43,627 - model.pytorch.dcrnn_supervisor - INFO - epoch complete
2024-08-30 00:57:43,628 - model.pytorch.dcrnn_supervisor - INFO - evaluating now!
2024-08-30 00:57:45,582 - model.pytorch.dcrnn_supervisor - INFO - Epoch [3/10.0] (188) train_mae: 26792.9881, train_kld: 0.0360, val_mae: 22632.5430, lr: 0.000800, 31.1s
2024-08-30 00:57:47,673 - model.pytorch.dcrnn_supervisor - INFO - Epoch [3/10.0] (188) test_mae: 16913.0352, test_rmse: 84101.4219, lr: 0.000800, 31.1s
2024-08-30 00:57:47,673 - model.pytorch.dcrnn_supervisor - INFO - Val loss decrease from 26004.3750 to 22632.5430.
2024-08-30 00:58:20,090 - model.pytorch.dcrnn_supervisor - INFO - epoch complete
2024-08-30 00:58:20,091 - model.pytorch.dcrnn_supervisor - INFO - evaluating now!
2024-08-30 00:58:22,620 - model.pytorch.dcrnn_supervisor - INFO - Epoch [4/10.0] (235) train_mae: 24262.0734, train_kld: 0.0319, val_mae: 23650.1113, lr: 0.000800, 34.9s
2024-08-30 00:58:25,030 - model.pytorch.dcrnn_supervisor - INFO - Epoch [4/10.0] (235) test_mae: 16994.1738, test_rmse: 85974.2578, lr: 0.000800, 34.9s
2024-08-30 00:58:53,032 - model.pytorch.dcrnn_supervisor - INFO - epoch complete
2024-08-30 00:58:53,032 - model.pytorch.dcrnn_supervisor - INFO - evaluating now!
2024-08-30 00:58:55,356 - model.pytorch.dcrnn_supervisor - INFO - Epoch [5/10.0] (282) train_mae: 24520.5332, train_kld: 0.0418, val_mae: 27415.7480, lr: 0.000800, 30.3s
2024-08-30 00:58:57,556 - model.pytorch.dcrnn_supervisor - INFO - Epoch [5/10.0] (282) test_mae: 19488.2891, test_rmse: 96587.8203, lr: 0.000800, 30.3s
2024-08-30 00:59:31,505 - model.pytorch.dcrnn_supervisor - INFO - epoch complete
2024-08-30 00:59:31,505 - model.pytorch.dcrnn_supervisor - INFO - evaluating now!
2024-08-30 00:59:34,176 - model.pytorch.dcrnn_supervisor - INFO - Epoch [6/10.0] (329) train_mae: 23901.1882, train_kld: 0.0371, val_mae: 24296.7109, lr: 0.000800, 36.6s
2024-08-30 00:59:36,730 - model.pytorch.dcrnn_supervisor - INFO - Epoch [6/10.0] (329) test_mae: 17210.9238, test_rmse: 89280.8750, lr: 0.000800, 36.6s
2024-08-30 01:00:08,019 - model.pytorch.dcrnn_supervisor - INFO - epoch complete
2024-08-30 01:00:08,020 - model.pytorch.dcrnn_supervisor - INFO - evaluating now!
2024-08-30 01:00:10,154 - model.pytorch.dcrnn_supervisor - INFO - Epoch [7/10.0] (376) train_mae: 23689.5187, train_kld: 0.0369, val_mae: 21213.6289, lr: 0.000800, 33.4s
2024-08-30 01:00:12,479 - model.pytorch.dcrnn_supervisor - INFO - Epoch [7/10.0] (376) test_mae: 15661.2256, test_rmse: 79766.9219, lr: 0.000800, 33.4s
2024-08-30 01:00:12,479 - model.pytorch.dcrnn_supervisor - INFO - Val loss decrease from 22632.5430 to 21213.6289.
2024-08-30 01:00:46,012 - model.pytorch.dcrnn_supervisor - INFO - epoch complete
2024-08-30 01:00:46,012 - model.pytorch.dcrnn_supervisor - INFO - evaluating now!
2024-08-30 01:00:47,869 - model.pytorch.dcrnn_supervisor - INFO - Epoch [8/10.0] (423) train_mae: 23983.1122, train_kld: 0.0333, val_mae: 26677.1035, lr: 0.000800, 35.3s
2024-08-30 01:00:49,938 - model.pytorch.dcrnn_supervisor - INFO - Epoch [8/10.0] (423) test_mae: 19887.8066, test_rmse: 100027.4922, lr: 0.000800, 35.3s
2024-08-30 01:01:21,354 - model.pytorch.dcrnn_supervisor - INFO - epoch complete
2024-08-30 01:01:21,354 - model.pytorch.dcrnn_supervisor - INFO - evaluating now!
2024-08-30 01:01:24,029 - model.pytorch.dcrnn_supervisor - INFO - Epoch [9/10.0] (470) train_mae: 23327.4523, train_kld: 0.0340, val_mae: 22178.6504, lr: 0.000800, 34.1s
2024-08-30 01:01:26,739 - model.pytorch.dcrnn_supervisor - INFO - Epoch [9/10.0] (470) test_mae: 16186.1934, test_rmse: 82310.2578, lr: 0.000800, 34.1s
2024-08-30 01:02:41,005 - model.pytorch.dcrnn_supervisor - INFO - Start training ...
2024-08-30 01:02:41,006 - model.pytorch.dcrnn_supervisor - INFO - num_batches:50
2024-08-30 01:02:41,411 - model.pytorch.dcrnn_supervisor - INFO - Total trainable parameters 321656
2024-08-30 01:03:17,837 - model.pytorch.dcrnn_supervisor - INFO - epoch complete
2024-08-30 01:03:17,838 - model.pytorch.dcrnn_supervisor - INFO - evaluating now!
2024-08-30 01:03:20,164 - model.pytorch.dcrnn_supervisor - INFO - Epoch [0/10.0] (50) train_mae: 34182.0200, train_kld: 0.0378, val_mae: 26278.1953, lr: 0.000800, 39.2s
2024-08-30 01:03:22,789 - model.pytorch.dcrnn_supervisor - INFO - Epoch [0/10.0] (50) test_mae: 18389.4414, test_rmse: 93837.5625, lr: 0.000800, 39.2s
2024-08-30 01:03:22,790 - model.pytorch.dcrnn_supervisor - INFO - Val loss decrease from inf to 26278.1953.
2024-08-30 01:04:01,328 - model.pytorch.dcrnn_supervisor - INFO - epoch complete
2024-08-30 01:04:01,329 - model.pytorch.dcrnn_supervisor - INFO - evaluating now!
2024-08-30 01:04:03,349 - model.pytorch.dcrnn_supervisor - INFO - Epoch [1/10.0] (100) train_mae: 21785.8122, train_kld: 0.0497, val_mae: 22419.9629, lr: 0.000800, 40.6s
2024-08-30 01:04:05,414 - model.pytorch.dcrnn_supervisor - INFO - Epoch [1/10.0] (100) test_mae: 16068.6826, test_rmse: 81354.4922, lr: 0.000800, 40.6s
2024-08-30 01:04:05,414 - model.pytorch.dcrnn_supervisor - INFO - Val loss decrease from 26278.1953 to 22419.9629.
2024-08-30 01:04:42,107 - model.pytorch.dcrnn_supervisor - INFO - epoch complete
2024-08-30 01:04:42,108 - model.pytorch.dcrnn_supervisor - INFO - evaluating now!
2024-08-30 01:04:44,518 - model.pytorch.dcrnn_supervisor - INFO - Epoch [2/10.0] (150) train_mae: 20549.8017, train_kld: 0.0369, val_mae: 23276.7500, lr: 0.000800, 39.1s
2024-08-30 01:04:47,157 - model.pytorch.dcrnn_supervisor - INFO - Epoch [2/10.0] (150) test_mae: 17115.8730, test_rmse: 86805.4453, lr: 0.000800, 39.1s
2024-08-30 01:05:21,076 - model.pytorch.dcrnn_supervisor - INFO - epoch complete
2024-08-30 01:05:21,076 - model.pytorch.dcrnn_supervisor - INFO - evaluating now!
2024-08-30 01:05:23,588 - model.pytorch.dcrnn_supervisor - INFO - Epoch [3/10.0] (200) train_mae: 20097.6489, train_kld: 0.0419, val_mae: 25623.3535, lr: 0.000800, 36.4s
2024-08-30 01:05:26,167 - model.pytorch.dcrnn_supervisor - INFO - Epoch [3/10.0] (200) test_mae: 17952.5664, test_rmse: 93848.8125, lr: 0.000800, 36.4s
2024-08-30 01:06:05,140 - model.pytorch.dcrnn_supervisor - INFO - epoch complete
2024-08-30 01:06:05,141 - model.pytorch.dcrnn_supervisor - INFO - evaluating now!
2024-08-30 01:06:07,120 - model.pytorch.dcrnn_supervisor - INFO - Epoch [4/10.0] (250) train_mae: 21398.4481, train_kld: 0.0442, val_mae: 22138.4082, lr: 0.000800, 41.0s
2024-08-30 01:06:09,194 - model.pytorch.dcrnn_supervisor - INFO - Epoch [4/10.0] (250) test_mae: 16600.0859, test_rmse: 87401.0234, lr: 0.000800, 41.0s
2024-08-30 01:06:09,195 - model.pytorch.dcrnn_supervisor - INFO - Val loss decrease from 22419.9629 to 22138.4082.
2024-08-30 01:06:42,012 - model.pytorch.dcrnn_supervisor - INFO - epoch complete
2024-08-30 01:06:42,012 - model.pytorch.dcrnn_supervisor - INFO - evaluating now!
2024-08-30 01:06:43,960 - model.pytorch.dcrnn_supervisor - INFO - Epoch [5/10.0] (300) train_mae: 22563.6675, train_kld: 0.0352, val_mae: 21039.7812, lr: 0.000800, 34.7s
2024-08-30 01:06:46,066 - model.pytorch.dcrnn_supervisor - INFO - Epoch [5/10.0] (300) test_mae: 15457.0312, test_rmse: 77835.9688, lr: 0.000800, 34.7s
2024-08-30 01:06:46,067 - model.pytorch.dcrnn_supervisor - INFO - Val loss decrease from 22138.4082 to 21039.7812.
2024-08-30 01:07:24,490 - model.pytorch.dcrnn_supervisor - INFO - epoch complete
2024-08-30 01:07:24,490 - model.pytorch.dcrnn_supervisor - INFO - evaluating now!
2024-08-30 01:07:27,219 - model.pytorch.dcrnn_supervisor - INFO - Epoch [6/10.0] (350) train_mae: 20491.0372, train_kld: 0.0413, val_mae: 19799.6973, lr: 0.000800, 41.1s
2024-08-30 01:07:30,073 - model.pytorch.dcrnn_supervisor - INFO - Epoch [6/10.0] (350) test_mae: 13852.6162, test_rmse: 70585.2188, lr: 0.000800, 41.1s
2024-08-30 01:07:30,073 - model.pytorch.dcrnn_supervisor - INFO - Val loss decrease from 21039.7812 to 19799.6973.
2024-08-30 01:08:03,670 - model.pytorch.dcrnn_supervisor - INFO - epoch complete
2024-08-30 01:08:03,671 - model.pytorch.dcrnn_supervisor - INFO - evaluating now!
2024-08-30 01:08:05,847 - model.pytorch.dcrnn_supervisor - INFO - Epoch [7/10.0] (400) train_mae: 24370.7374, train_kld: 0.0429, val_mae: 23973.6465, lr: 0.000800, 35.7s
2024-08-30 01:08:07,957 - model.pytorch.dcrnn_supervisor - INFO - Epoch [7/10.0] (400) test_mae: 17407.8242, test_rmse: 93348.9141, lr: 0.000800, 35.7s
2024-08-30 01:08:42,239 - model.pytorch.dcrnn_supervisor - INFO - epoch complete
2024-08-30 01:08:42,239 - model.pytorch.dcrnn_supervisor - INFO - evaluating now!
2024-08-30 01:08:44,557 - model.pytorch.dcrnn_supervisor - INFO - Epoch [8/10.0] (450) train_mae: 21998.8634, train_kld: 0.0392, val_mae: 31980.9609, lr: 0.000800, 36.6s
2024-08-30 01:08:47,001 - model.pytorch.dcrnn_supervisor - INFO - Epoch [8/10.0] (450) test_mae: 24116.4766, test_rmse: 126650.6875, lr: 0.000800, 36.6s
2024-08-30 01:09:23,886 - model.pytorch.dcrnn_supervisor - INFO - epoch complete
2024-08-30 01:09:23,887 - model.pytorch.dcrnn_supervisor - INFO - evaluating now!
2024-08-30 01:09:25,865 - model.pytorch.dcrnn_supervisor - INFO - Epoch [9/10.0] (500) train_mae: 22650.3887, train_kld: 0.0510, val_mae: 21808.8398, lr: 0.000800, 38.9s
2024-08-30 01:09:27,940 - model.pytorch.dcrnn_supervisor - INFO - Epoch [9/10.0] (500) test_mae: 15211.8066, test_rmse: 80838.8203, lr: 0.000800, 38.9s
